[
  {
    "line": 1,
    "elements": [
      {
        "start_timestamp": "2021-01-27T10:44:38.770Z",
        "before": [
          {
            "result": {
              "duration": 999600,
              "status": "passed"
            },
            "match": {
              "location": "stepdefs.World.before(io.cucumber.java.Scenario)"
            }
          }
        ],
        "line": 7,
        "name": "Make comments on post and check status code",
        "description": "",
        "id": "make-comments-on-a-post;make-comments-on-post-and-check-status-code",
        "after": [
          {
            "result": {
              "status": "passed"
            },
            "match": {
              "location": "stepdefs.World.after()"
            }
          }
        ],
        "type": "scenario",
        "keyword": "Scenario",
        "steps": [
          {
            "result": {
              "duration": 799745800,
              "status": "passed"
            },
            "line": 8,
            "name": "I have an end point comments",
            "match": {
              "location": "stepdefs.NewCommentsStepDefinitions.iHaveAnEndPointComments()"
            },
            "keyword": "Given "
          },
          {
            "result": {
              "duration": 2675140100,
              "status": "passed"
            },
            "line": 9,
            "name": "I post a comment \"my comment\" on post with title \"aut quo modi neque nostrum ducimus\"",
            "match": {
              "arguments": [
                {
                  "val": "my comment",
                  "offset": 18
                },
                {
                  "val": "aut quo modi neque nostrum ducimus",
                  "offset": 50
                }
              ],
              "location": "stepdefs.NewCommentsStepDefinitions.iPostACommentOnPostWithTitleAndAuthor(java.lang.String,java.lang.String)"
            },
            "keyword": "When "
          },
          {
            "result": {
              "error_message": "io.cucumber.core.exception.CucumberException: Step [the status code is (\\d+)] is defined with 1 parameters at \u0027stepdefs.ResponseStepDefinitions.verify_status_code(int)\u0027.\nHowever, the gherkin step has 0 arguments.\nStep text: the status code is 201\r\n\tat io.cucumber.core.runner.PickleStepDefinitionMatch.arityMismatch(PickleStepDefinitionMatch.java:83)\r\n\tat io.cucumber.core.runner.PickleStepDefinitionMatch.runStep(PickleStepDefinitionMatch.java:42)\r\n\tat io.cucumber.core.runner.ExecutionMode$1.execute(ExecutionMode.java:10)\r\n\tat io.cucumber.core.runner.TestStep.executeStep(TestStep.java:92)\r\n\tat io.cucumber.core.runner.TestStep.run(TestStep.java:64)\r\n\tat io.cucumber.core.runner.PickleStepTestStep.run(PickleStepTestStep.java:51)\r\n\tat io.cucumber.core.runner.TestCase.run(TestCase.java:104)\r\n\tat io.cucumber.core.runner.Runner.runPickle(Runner.java:71)\r\n\tat io.cucumber.testng.TestNGCucumberRunner.lambda$runScenario$0(TestNGCucumberRunner.java:116)\r\n\tat io.cucumber.core.runtime.CucumberExecutionContext.runTestCase(CucumberExecutionContext.java:117)\r\n\tat io.cucumber.testng.TestNGCucumberRunner.runScenario(TestNGCucumberRunner.java:113)\r\n\tat io.cucumber.testng.AbstractTestNGCucumberTests.runScenario(AbstractTestNGCucumberTests.java:31)\r\n\tat java.base/jdk.internal.reflect.NativeMethodAccessorImpl.invoke0(Native Method)\r\n\tat java.base/jdk.internal.reflect.NativeMethodAccessorImpl.invoke(NativeMethodAccessorImpl.java:62)\r\n\tat java.base/jdk.internal.reflect.DelegatingMethodAccessorImpl.invoke(DelegatingMethodAccessorImpl.java:43)\r\n\tat java.base/java.lang.reflect.Method.invoke(Method.java:564)\r\n\tat org.testng.internal.MethodInvocationHelper.invokeMethod(MethodInvocationHelper.java:132)\r\n\tat org.testng.internal.TestInvoker.invokeMethod(TestInvoker.java:599)\r\n\tat org.testng.internal.TestInvoker.invokeTestMethod(TestInvoker.java:174)\r\n\tat org.testng.internal.MethodRunner.runInSequence(MethodRunner.java:46)\r\n\tat org.testng.internal.TestInvoker$MethodInvocationAgent.invoke(TestInvoker.java:822)\r\n\tat org.testng.internal.TestInvoker.invokeTestMethods(TestInvoker.java:147)\r\n\tat org.testng.internal.TestMethodWorker.invokeTestMethods(TestMethodWorker.java:146)\r\n\tat org.testng.internal.TestMethodWorker.run(TestMethodWorker.java:128)\r\n\tat java.base/java.util.ArrayList.forEach(ArrayList.java:1511)\r\n\tat org.testng.TestRunner.privateRun(TestRunner.java:764)\r\n\tat org.testng.TestRunner.run(TestRunner.java:585)\r\n\tat org.testng.SuiteRunner.runTest(SuiteRunner.java:384)\r\n\tat org.testng.SuiteRunner.runSequentially(SuiteRunner.java:378)\r\n\tat org.testng.SuiteRunner.privateRun(SuiteRunner.java:337)\r\n\tat org.testng.SuiteRunner.run(SuiteRunner.java:286)\r\n\tat org.testng.SuiteRunnerWorker.runSuite(SuiteRunnerWorker.java:53)\r\n\tat org.testng.SuiteRunnerWorker.run(SuiteRunnerWorker.java:96)\r\n\tat org.testng.TestNG.runSuitesSequentially(TestNG.java:1218)\r\n\tat org.testng.TestNG.runSuitesLocally(TestNG.java:1140)\r\n\tat org.testng.TestNG.runSuites(TestNG.java:1069)\r\n\tat org.testng.TestNG.run(TestNG.java:1037)\r\n\tat org.apache.maven.surefire.testng.TestNGExecutor.run(TestNGExecutor.java:77)\r\n\tat org.apache.maven.surefire.testng.TestNGDirectoryTestSuite.execute(TestNGDirectoryTestSuite.java:110)\r\n\tat org.apache.maven.surefire.testng.TestNGProvider.invoke(TestNGProvider.java:106)\r\n\tat java.base/jdk.internal.reflect.NativeMethodAccessorImpl.invoke0(Native Method)\r\n\tat java.base/jdk.internal.reflect.NativeMethodAccessorImpl.invoke(NativeMethodAccessorImpl.java:62)\r\n\tat java.base/jdk.internal.reflect.DelegatingMethodAccessorImpl.invoke(DelegatingMethodAccessorImpl.java:43)\r\n\tat java.base/java.lang.reflect.Method.invoke(Method.java:564)\r\n\tat org.apache.maven.surefire.util.ReflectionUtils.invokeMethodWithArray(ReflectionUtils.java:189)\r\n\tat org.apache.maven.surefire.booter.ProviderFactory$ProviderProxy.invoke(ProviderFactory.java:165)\r\n\tat org.apache.maven.surefire.booter.ProviderFactory.invokeProvider(ProviderFactory.java:85)\r\n\tat org.apache.maven.surefire.booter.ForkedBooter.runSuitesInProcess(ForkedBooter.java:115)\r\n\tat org.apache.maven.surefire.booter.ForkedBooter.main(ForkedBooter.java:75)\r\n",
              "duration": 998400,
              "status": "failed"
            },
            "line": 10,
            "name": "the status code is 201",
            "match": {
              "location": "stepdefs.ResponseStepDefinitions.verify_status_code(int)"
            },
            "keyword": "Then "
          }
        ],
        "tags": [
          {
            "name": "@test"
          }
        ]
      },
      {
        "start_timestamp": "2021-01-27T10:44:42.288Z",
        "before": [
          {
            "result": {
              "status": "passed"
            },
            "match": {
              "location": "stepdefs.World.before(io.cucumber.java.Scenario)"
            }
          }
        ],
        "line": 13,
        "name": "Make comments on post and check response shows added comment",
        "description": "",
        "id": "make-comments-on-a-post;make-comments-on-post-and-check-response-shows-added-comment",
        "after": [
          {
            "result": {
              "status": "passed"
            },
            "match": {
              "location": "stepdefs.World.after()"
            }
          }
        ],
        "type": "scenario",
        "keyword": "Scenario",
        "steps": [
          {
            "result": {
              "status": "passed"
            },
            "line": 14,
            "name": "I have an end point comments",
            "match": {
              "location": "stepdefs.NewCommentsStepDefinitions.iHaveAnEndPointComments()"
            },
            "keyword": "Given "
          },
          {
            "result": {
              "duration": 648963100,
              "status": "passed"
            },
            "line": 15,
            "name": "I post a comment \"my comment\" on post with title \"aut quo modi neque nostrum ducimus\"",
            "match": {
              "arguments": [
                {
                  "val": "my comment",
                  "offset": 18
                },
                {
                  "val": "aut quo modi neque nostrum ducimus",
                  "offset": 50
                }
              ],
              "location": "stepdefs.NewCommentsStepDefinitions.iPostACommentOnPostWithTitleAndAuthor(java.lang.String,java.lang.String)"
            },
            "keyword": "When "
          },
          {
            "result": {
              "duration": 105961400,
              "status": "passed"
            },
            "line": 16,
            "name": "response includes my comment \"my comment\"",
            "match": {
              "arguments": [
                {
                  "val": "my comment",
                  "offset": 30
                }
              ],
              "location": "stepdefs.NewCommentsStepDefinitions.responseIncludesMyComment(java.lang.String)"
            },
            "keyword": "And "
          }
        ],
        "tags": [
          {
            "name": "@test"
          }
        ]
      }
    ],
    "name": "Make comments on a post",
    "description": "  As a user\n  when I make a comment on a post\n  I want to see the comment added to post",
    "id": "make-comments-on-a-post",
    "keyword": "Feature",
    "uri": "file:src/test/features/Comments.feature",
    "tags": []
  },
  {
    "line": 1,
    "elements": [
      {
        "start_timestamp": "2021-01-27T10:44:43.053Z",
        "before": [
          {
            "result": {
              "duration": 998200,
              "status": "passed"
            },
            "match": {
              "location": "stepdefs.World.before(io.cucumber.java.Scenario)"
            }
          }
        ],
        "line": 4,
        "name": "Make posts to server and check response code",
        "description": "",
        "id": "send-posts;make-posts-to-server-and-check-response-code",
        "after": [
          {
            "result": {
              "duration": 990700,
              "status": "passed"
            },
            "match": {
              "location": "stepdefs.World.after()"
            }
          }
        ],
        "type": "scenario",
        "keyword": "Scenario",
        "steps": [
          {
            "result": {
              "status": "passed"
            },
            "line": 5,
            "name": "I have an end point posts",
            "match": {
              "location": "stepdefs.NewPostStepDefinitions.iHaveAnEndPointPosts()"
            },
            "keyword": "Given "
          },
          {
            "result": {
              "duration": 399852700,
              "status": "passed"
            },
            "line": 6,
            "name": "I post with title \"new book\" and author \"my name\"",
            "match": {
              "arguments": [
                {
                  "val": "new book",
                  "offset": 19
                },
                {
                  "val": "my name",
                  "offset": 41
                }
              ],
              "location": "stepdefs.NewPostStepDefinitions.iPostWithTitleAndAuthor(java.lang.String,java.lang.String)"
            },
            "keyword": "When "
          },
          {
            "result": {
              "error_message": "io.cucumber.core.exception.CucumberException: Step [the status code is (\\d+)] is defined with 1 parameters at \u0027stepdefs.ResponseStepDefinitions.verify_status_code(int)\u0027.\nHowever, the gherkin step has 0 arguments.\nStep text: the status code is 201\r\n\tat io.cucumber.core.runner.PickleStepDefinitionMatch.arityMismatch(PickleStepDefinitionMatch.java:83)\r\n\tat io.cucumber.core.runner.PickleStepDefinitionMatch.runStep(PickleStepDefinitionMatch.java:42)\r\n\tat io.cucumber.core.runner.ExecutionMode$1.execute(ExecutionMode.java:10)\r\n\tat io.cucumber.core.runner.TestStep.executeStep(TestStep.java:92)\r\n\tat io.cucumber.core.runner.TestStep.run(TestStep.java:64)\r\n\tat io.cucumber.core.runner.PickleStepTestStep.run(PickleStepTestStep.java:51)\r\n\tat io.cucumber.core.runner.TestCase.run(TestCase.java:104)\r\n\tat io.cucumber.core.runner.Runner.runPickle(Runner.java:71)\r\n\tat io.cucumber.testng.TestNGCucumberRunner.lambda$runScenario$0(TestNGCucumberRunner.java:116)\r\n\tat io.cucumber.core.runtime.CucumberExecutionContext.runTestCase(CucumberExecutionContext.java:117)\r\n\tat io.cucumber.testng.TestNGCucumberRunner.runScenario(TestNGCucumberRunner.java:113)\r\n\tat io.cucumber.testng.AbstractTestNGCucumberTests.runScenario(AbstractTestNGCucumberTests.java:31)\r\n\tat java.base/jdk.internal.reflect.NativeMethodAccessorImpl.invoke0(Native Method)\r\n\tat java.base/jdk.internal.reflect.NativeMethodAccessorImpl.invoke(NativeMethodAccessorImpl.java:62)\r\n\tat java.base/jdk.internal.reflect.DelegatingMethodAccessorImpl.invoke(DelegatingMethodAccessorImpl.java:43)\r\n\tat java.base/java.lang.reflect.Method.invoke(Method.java:564)\r\n\tat org.testng.internal.MethodInvocationHelper.invokeMethod(MethodInvocationHelper.java:132)\r\n\tat org.testng.internal.TestInvoker.invokeMethod(TestInvoker.java:599)\r\n\tat org.testng.internal.TestInvoker.invokeTestMethod(TestInvoker.java:174)\r\n\tat org.testng.internal.MethodRunner.runInSequence(MethodRunner.java:46)\r\n\tat org.testng.internal.TestInvoker$MethodInvocationAgent.invoke(TestInvoker.java:822)\r\n\tat org.testng.internal.TestInvoker.invokeTestMethods(TestInvoker.java:147)\r\n\tat org.testng.internal.TestMethodWorker.invokeTestMethods(TestMethodWorker.java:146)\r\n\tat org.testng.internal.TestMethodWorker.run(TestMethodWorker.java:128)\r\n\tat java.base/java.util.ArrayList.forEach(ArrayList.java:1511)\r\n\tat org.testng.TestRunner.privateRun(TestRunner.java:764)\r\n\tat org.testng.TestRunner.run(TestRunner.java:585)\r\n\tat org.testng.SuiteRunner.runTest(SuiteRunner.java:384)\r\n\tat org.testng.SuiteRunner.runSequentially(SuiteRunner.java:378)\r\n\tat org.testng.SuiteRunner.privateRun(SuiteRunner.java:337)\r\n\tat org.testng.SuiteRunner.run(SuiteRunner.java:286)\r\n\tat org.testng.SuiteRunnerWorker.runSuite(SuiteRunnerWorker.java:53)\r\n\tat org.testng.SuiteRunnerWorker.run(SuiteRunnerWorker.java:96)\r\n\tat org.testng.TestNG.runSuitesSequentially(TestNG.java:1218)\r\n\tat org.testng.TestNG.runSuitesLocally(TestNG.java:1140)\r\n\tat org.testng.TestNG.runSuites(TestNG.java:1069)\r\n\tat org.testng.TestNG.run(TestNG.java:1037)\r\n\tat org.apache.maven.surefire.testng.TestNGExecutor.run(TestNGExecutor.java:77)\r\n\tat org.apache.maven.surefire.testng.TestNGDirectoryTestSuite.execute(TestNGDirectoryTestSuite.java:110)\r\n\tat org.apache.maven.surefire.testng.TestNGProvider.invoke(TestNGProvider.java:106)\r\n\tat java.base/jdk.internal.reflect.NativeMethodAccessorImpl.invoke0(Native Method)\r\n\tat java.base/jdk.internal.reflect.NativeMethodAccessorImpl.invoke(NativeMethodAccessorImpl.java:62)\r\n\tat java.base/jdk.internal.reflect.DelegatingMethodAccessorImpl.invoke(DelegatingMethodAccessorImpl.java:43)\r\n\tat java.base/java.lang.reflect.Method.invoke(Method.java:564)\r\n\tat org.apache.maven.surefire.util.ReflectionUtils.invokeMethodWithArray(ReflectionUtils.java:189)\r\n\tat org.apache.maven.surefire.booter.ProviderFactory$ProviderProxy.invoke(ProviderFactory.java:165)\r\n\tat org.apache.maven.surefire.booter.ProviderFactory.invokeProvider(ProviderFactory.java:85)\r\n\tat org.apache.maven.surefire.booter.ForkedBooter.runSuitesInProcess(ForkedBooter.java:115)\r\n\tat org.apache.maven.surefire.booter.ForkedBooter.main(ForkedBooter.java:75)\r\n",
              "duration": 1000200,
              "status": "failed"
            },
            "line": 7,
            "name": "the status code is 201",
            "match": {
              "location": "stepdefs.ResponseStepDefinitions.verify_status_code(int)"
            },
            "keyword": "Then "
          }
        ],
        "tags": [
          {
            "name": "@test"
          }
        ]
      },
      {
        "start_timestamp": "2021-01-27T10:44:43.484Z",
        "before": [
          {
            "result": {
              "duration": 999600,
              "status": "passed"
            },
            "match": {
              "location": "stepdefs.World.before(io.cucumber.java.Scenario)"
            }
          }
        ],
        "line": 10,
        "name": "Make posts to server and check response contains title and author",
        "description": "",
        "id": "send-posts;make-posts-to-server-and-check-response-contains-title-and-author",
        "after": [
          {
            "result": {
              "status": "passed"
            },
            "match": {
              "location": "stepdefs.World.after()"
            }
          }
        ],
        "type": "scenario",
        "keyword": "Scenario",
        "steps": [
          {
            "result": {
              "status": "passed"
            },
            "line": 11,
            "name": "I have an end point posts",
            "match": {
              "location": "stepdefs.NewPostStepDefinitions.iHaveAnEndPointPosts()"
            },
            "keyword": "Given "
          },
          {
            "result": {
              "duration": 412990600,
              "status": "passed"
            },
            "line": 12,
            "name": "I post with title \"new book\" and author \"my name\"",
            "match": {
              "arguments": [
                {
                  "val": "new book",
                  "offset": 19
                },
                {
                  "val": "my name",
                  "offset": 41
                }
              ],
              "location": "stepdefs.NewPostStepDefinitions.iPostWithTitleAndAuthor(java.lang.String,java.lang.String)"
            },
            "keyword": "When "
          },
          {
            "result": {
              "duration": 42984000,
              "status": "passed"
            },
            "line": 13,
            "name": "response includes the following",
            "match": {
              "location": "stepdefs.ResponseStepDefinitions.response_equals(java.util.Map\u003cjava.lang.String, java.lang.String\u003e)"
            },
            "rows": [
              {
                "cells": [
                  "title",
                  "new book"
                ]
              },
              {
                "cells": [
                  "author",
                  "my name"
                ]
              }
            ],
            "keyword": "Then "
          }
        ],
        "tags": [
          {
            "name": "@test"
          }
        ]
      }
    ],
    "name": "Send posts",
    "description": "",
    "id": "send-posts",
    "keyword": "Feature",
    "uri": "file:src/test/features/Posts.feature",
    "tags": []
  },
  {
    "line": 1,
    "elements": [
      {
        "start_timestamp": "2021-01-27T10:44:43.953Z",
        "before": [
          {
            "result": {
              "duration": 999700,
              "status": "passed"
            },
            "match": {
              "location": "stepdefs.World.before(io.cucumber.java.Scenario)"
            }
          }
        ],
        "line": 7,
        "name": "Call users end point and check response code",
        "description": "",
        "id": "get-list-of-of-users;call-users-end-point-and-check-response-code",
        "after": [
          {
            "result": {
              "status": "passed"
            },
            "match": {
              "location": "stepdefs.World.after()"
            }
          }
        ],
        "type": "scenario",
        "keyword": "Scenario",
        "steps": [
          {
            "result": {
              "duration": 460491400,
              "status": "passed"
            },
            "line": 8,
            "name": "I have a service to request list of users",
            "match": {
              "location": "stepdefs.UsersStepDefinitions.iHaveAServiceToRequestListOfUsers()"
            },
            "keyword": "Given "
          },
          {
            "result": {
              "duration": 214043400,
              "status": "passed"
            },
            "line": 9,
            "name": "I request list of users",
            "match": {
              "location": "stepdefs.UsersStepDefinitions.iRequestListOfUsers()"
            },
            "keyword": "When "
          },
          {
            "result": {
              "error_message": "io.cucumber.core.exception.CucumberException: Step [the status code is (\\d+)] is defined with 1 parameters at \u0027stepdefs.ResponseStepDefinitions.verify_status_code(int)\u0027.\nHowever, the gherkin step has 0 arguments.\nStep text: the status code is 200\r\n\tat io.cucumber.core.runner.PickleStepDefinitionMatch.arityMismatch(PickleStepDefinitionMatch.java:83)\r\n\tat io.cucumber.core.runner.PickleStepDefinitionMatch.runStep(PickleStepDefinitionMatch.java:42)\r\n\tat io.cucumber.core.runner.ExecutionMode$1.execute(ExecutionMode.java:10)\r\n\tat io.cucumber.core.runner.TestStep.executeStep(TestStep.java:92)\r\n\tat io.cucumber.core.runner.TestStep.run(TestStep.java:64)\r\n\tat io.cucumber.core.runner.PickleStepTestStep.run(PickleStepTestStep.java:51)\r\n\tat io.cucumber.core.runner.TestCase.run(TestCase.java:104)\r\n\tat io.cucumber.core.runner.Runner.runPickle(Runner.java:71)\r\n\tat io.cucumber.testng.TestNGCucumberRunner.lambda$runScenario$0(TestNGCucumberRunner.java:116)\r\n\tat io.cucumber.core.runtime.CucumberExecutionContext.runTestCase(CucumberExecutionContext.java:117)\r\n\tat io.cucumber.testng.TestNGCucumberRunner.runScenario(TestNGCucumberRunner.java:113)\r\n\tat io.cucumber.testng.AbstractTestNGCucumberTests.runScenario(AbstractTestNGCucumberTests.java:31)\r\n\tat java.base/jdk.internal.reflect.NativeMethodAccessorImpl.invoke0(Native Method)\r\n\tat java.base/jdk.internal.reflect.NativeMethodAccessorImpl.invoke(NativeMethodAccessorImpl.java:62)\r\n\tat java.base/jdk.internal.reflect.DelegatingMethodAccessorImpl.invoke(DelegatingMethodAccessorImpl.java:43)\r\n\tat java.base/java.lang.reflect.Method.invoke(Method.java:564)\r\n\tat org.testng.internal.MethodInvocationHelper.invokeMethod(MethodInvocationHelper.java:132)\r\n\tat org.testng.internal.TestInvoker.invokeMethod(TestInvoker.java:599)\r\n\tat org.testng.internal.TestInvoker.invokeTestMethod(TestInvoker.java:174)\r\n\tat org.testng.internal.MethodRunner.runInSequence(MethodRunner.java:46)\r\n\tat org.testng.internal.TestInvoker$MethodInvocationAgent.invoke(TestInvoker.java:822)\r\n\tat org.testng.internal.TestInvoker.invokeTestMethods(TestInvoker.java:147)\r\n\tat org.testng.internal.TestMethodWorker.invokeTestMethods(TestMethodWorker.java:146)\r\n\tat org.testng.internal.TestMethodWorker.run(TestMethodWorker.java:128)\r\n\tat java.base/java.util.ArrayList.forEach(ArrayList.java:1511)\r\n\tat org.testng.TestRunner.privateRun(TestRunner.java:764)\r\n\tat org.testng.TestRunner.run(TestRunner.java:585)\r\n\tat org.testng.SuiteRunner.runTest(SuiteRunner.java:384)\r\n\tat org.testng.SuiteRunner.runSequentially(SuiteRunner.java:378)\r\n\tat org.testng.SuiteRunner.privateRun(SuiteRunner.java:337)\r\n\tat org.testng.SuiteRunner.run(SuiteRunner.java:286)\r\n\tat org.testng.SuiteRunnerWorker.runSuite(SuiteRunnerWorker.java:53)\r\n\tat org.testng.SuiteRunnerWorker.run(SuiteRunnerWorker.java:96)\r\n\tat org.testng.TestNG.runSuitesSequentially(TestNG.java:1218)\r\n\tat org.testng.TestNG.runSuitesLocally(TestNG.java:1140)\r\n\tat org.testng.TestNG.runSuites(TestNG.java:1069)\r\n\tat org.testng.TestNG.run(TestNG.java:1037)\r\n\tat org.apache.maven.surefire.testng.TestNGExecutor.run(TestNGExecutor.java:77)\r\n\tat org.apache.maven.surefire.testng.TestNGDirectoryTestSuite.execute(TestNGDirectoryTestSuite.java:110)\r\n\tat org.apache.maven.surefire.testng.TestNGProvider.invoke(TestNGProvider.java:106)\r\n\tat java.base/jdk.internal.reflect.NativeMethodAccessorImpl.invoke0(Native Method)\r\n\tat java.base/jdk.internal.reflect.NativeMethodAccessorImpl.invoke(NativeMethodAccessorImpl.java:62)\r\n\tat java.base/jdk.internal.reflect.DelegatingMethodAccessorImpl.invoke(DelegatingMethodAccessorImpl.java:43)\r\n\tat java.base/java.lang.reflect.Method.invoke(Method.java:564)\r\n\tat org.apache.maven.surefire.util.ReflectionUtils.invokeMethodWithArray(ReflectionUtils.java:189)\r\n\tat org.apache.maven.surefire.booter.ProviderFactory$ProviderProxy.invoke(ProviderFactory.java:165)\r\n\tat org.apache.maven.surefire.booter.ProviderFactory.invokeProvider(ProviderFactory.java:85)\r\n\tat org.apache.maven.surefire.booter.ForkedBooter.runSuitesInProcess(ForkedBooter.java:115)\r\n\tat org.apache.maven.surefire.booter.ForkedBooter.main(ForkedBooter.java:75)\r\n",
              "status": "failed"
            },
            "line": 10,
            "name": "the status code is 200",
            "match": {
              "location": "stepdefs.ResponseStepDefinitions.verify_status_code(int)"
            },
            "keyword": "Then "
          }
        ],
        "tags": [
          {
            "name": "@test"
          }
        ]
      },
      {
        "start_timestamp": "2021-01-27T10:44:44.639Z",
        "before": [
          {
            "result": {
              "status": "passed"
            },
            "match": {
              "location": "stepdefs.World.before(io.cucumber.java.Scenario)"
            }
          }
        ],
        "line": 13,
        "name": "Call users end point and check first user",
        "description": "",
        "id": "get-list-of-of-users;call-users-end-point-and-check-first-user",
        "after": [
          {
            "result": {
              "status": "passed"
            },
            "match": {
              "location": "stepdefs.World.after()"
            }
          }
        ],
        "type": "scenario",
        "keyword": "Scenario",
        "steps": [
          {
            "result": {
              "duration": 285009800,
              "status": "passed"
            },
            "line": 14,
            "name": "I have a service to request list of users",
            "match": {
              "location": "stepdefs.UsersStepDefinitions.iHaveAServiceToRequestListOfUsers()"
            },
            "keyword": "Given "
          },
          {
            "result": {
              "duration": 229206000,
              "status": "passed"
            },
            "line": 15,
            "name": "I request list of users",
            "match": {
              "location": "stepdefs.UsersStepDefinitions.iRequestListOfUsers()"
            },
            "keyword": "When "
          },
          {
            "result": {
              "error_message": "java.lang.AssertionError: 1 expectation failed.\nExpected status code \u003c201\u003e but was \u003c200\u003e.\n\r\n\tat java.base/jdk.internal.reflect.NativeConstructorAccessorImpl.newInstance0(Native Method)\r\n\tat java.base/jdk.internal.reflect.NativeConstructorAccessorImpl.newInstance(NativeConstructorAccessorImpl.java:62)\r\n\tat java.base/jdk.internal.reflect.DelegatingConstructorAccessorImpl.newInstance(DelegatingConstructorAccessorImpl.java:45)\r\n\tat java.base/java.lang.reflect.Constructor.newInstanceWithCaller(Constructor.java:500)\r\n\tat java.base/java.lang.reflect.Constructor.newInstance(Constructor.java:481)\r\n\tat org.codehaus.groovy.reflection.CachedConstructor.invoke(CachedConstructor.java:72)\r\n\tat org.codehaus.groovy.reflection.CachedConstructor.doConstructorInvoke(CachedConstructor.java:59)\r\n\tat org.codehaus.groovy.runtime.callsite.ConstructorSite$ConstructorSiteNoUnwrap.callConstructor(ConstructorSite.java:84)\r\n\tat org.codehaus.groovy.runtime.callsite.CallSiteArray.defaultCallConstructor(CallSiteArray.java:59)\r\n\tat org.codehaus.groovy.runtime.callsite.AbstractCallSite.callConstructor(AbstractCallSite.java:263)\r\n\tat org.codehaus.groovy.runtime.callsite.AbstractCallSite.callConstructor(AbstractCallSite.java:277)\r\n\tat io.restassured.internal.ResponseSpecificationImpl$HamcrestAssertionClosure.validate(ResponseSpecificationImpl.groovy:493)\r\n\tat io.restassured.internal.ResponseSpecificationImpl$HamcrestAssertionClosure$validate$1.call(Unknown Source)\r\n\tat io.restassured.internal.ResponseSpecificationImpl.validateResponseIfRequired(ResponseSpecificationImpl.groovy:674)\r\n\tat java.base/jdk.internal.reflect.NativeMethodAccessorImpl.invoke0(Native Method)\r\n\tat java.base/jdk.internal.reflect.NativeMethodAccessorImpl.invoke(NativeMethodAccessorImpl.java:62)\r\n\tat java.base/jdk.internal.reflect.DelegatingMethodAccessorImpl.invoke(DelegatingMethodAccessorImpl.java:43)\r\n\tat java.base/java.lang.reflect.Method.invoke(Method.java:564)\r\n\tat org.codehaus.groovy.runtime.callsite.PlainObjectMetaMethodSite.doInvoke(PlainObjectMetaMethodSite.java:43)\r\n\tat org.codehaus.groovy.runtime.callsite.PogoMetaMethodSite$PogoCachedMethodSiteNoUnwrapNoCoerce.invoke(PogoMetaMethodSite.java:193)\r\n\tat org.codehaus.groovy.runtime.callsite.PogoMetaMethodSite.callCurrent(PogoMetaMethodSite.java:61)\r\n\tat org.codehaus.groovy.runtime.callsite.AbstractCallSite.callCurrent(AbstractCallSite.java:185)\r\n\tat io.restassured.internal.ResponseSpecificationImpl.statusCode(ResponseSpecificationImpl.groovy:126)\r\n\tat io.restassured.specification.ResponseSpecification$statusCode$0.callCurrent(Unknown Source)\r\n\tat io.restassured.internal.ResponseSpecificationImpl.statusCode(ResponseSpecificationImpl.groovy:134)\r\n\tat io.restassured.internal.ValidatableResponseOptionsImpl.statusCode(ValidatableResponseOptionsImpl.java:89)\r\n\tat io.restassured.internal.ValidatableResponseImpl.super$2$statusCode(ValidatableResponseImpl.groovy)\r\n\tat java.base/jdk.internal.reflect.NativeMethodAccessorImpl.invoke0(Native Method)\r\n\tat java.base/jdk.internal.reflect.NativeMethodAccessorImpl.invoke(NativeMethodAccessorImpl.java:62)\r\n\tat java.base/jdk.internal.reflect.DelegatingMethodAccessorImpl.invoke(DelegatingMethodAccessorImpl.java:43)\r\n\tat java.base/java.lang.reflect.Method.invoke(Method.java:564)\r\n\tat org.codehaus.groovy.reflection.CachedMethod.invoke(CachedMethod.java:107)\r\n\tat groovy.lang.MetaMethod.doMethodInvoke(MetaMethod.java:323)\r\n\tat groovy.lang.MetaClassImpl.invokeMethod(MetaClassImpl.java:1268)\r\n\tat org.codehaus.groovy.runtime.ScriptBytecodeAdapter.invokeMethodOnSuperN(ScriptBytecodeAdapter.java:144)\r\n\tat io.restassured.internal.ValidatableResponseImpl.statusCode(ValidatableResponseImpl.groovy:142)\r\n\tat io.restassured.internal.ValidatableResponseImpl.statusCode(ValidatableResponseImpl.groovy)\r\n\tat stepdefs.ResponseStepDefinitions.responseIncludesUsernameAndNameFields(ResponseStepDefinitions.java:40)\r\n\tat âœ½.response includes username \"Delphine\" and name \"Glenna Reichert\" fields(file:///C:/restassured-cucumber-bdd-pico-demo-master/restassured-cucumber-bdd-pico-demo-master/src/test/features/Users.feature:16)\r\n",
              "duration": 48980800,
              "status": "failed"
            },
            "line": 16,
            "name": "response includes username \"Delphine\" and name \"Glenna Reichert\" fields",
            "match": {
              "arguments": [
                {
                  "val": "Delphine",
                  "offset": 28
                },
                {
                  "val": "Glenna Reichert",
                  "offset": 48
                }
              ],
              "location": "stepdefs.ResponseStepDefinitions.responseIncludesUsernameAndNameFields(java.lang.String,java.lang.String)"
            },
            "keyword": "And "
          }
        ],
        "tags": [
          {
            "name": "@test"
          }
        ]
      }
    ],
    "name": "Get list of of users",
    "description": "  As a user\n  when I request list of users\n  I must see list of users",
    "id": "get-list-of-of-users",
    "keyword": "Feature",
    "uri": "file:src/test/features/Users.feature",
    "tags": []
  }
]